Building DAG of jobs...
Using shell: /usr/bin/bash
Provided cores: 1 (use --cores to define parallelism)
Rules claiming more threads will be scaled down.
Provided resources: mem_mb=64000, mem_mib=61036, disk_mb=1000, disk_mib=954, cpus_per_task=12
Select jobs to execute...

[Thu May 23 14:53:01 2024]
rule RNA_Get_matrices:
    input: workflow/data/mm10/RNA_XX_Enh8-mCherry_XY_SOX9-IRES-GFP_read_count.csv, workflow/data/mm10/RNA_XX_Enh8-mCherry_XY_SOX9-IRES-GFP_TPM.csv, workflow/data/mart_prot_coding_genes.txt
    output: results/processed_data/mm10/RNA_TPM_all_samples.csv, results/processed_data/mm10/RNA_TPM.csv, results/processed_data/mm10/RNA_raw_counts.csv, results/processed_data/mm10/RNA_norm_counts.csv, results/processed_data/mm10/RNA_norm_counts_all.csv, results/processed_data/mm10/RNA_samplesheet.csv, results/processed_data/mm10/ATAC_size_factors.csv
    jobid: 0
    reason: Forced execution
    resources: mem_mb=64000, mem_mib=61036, disk_mb=1000, disk_mib=954, tmpdir=/tmp, cpus_per_task=12

Rscript --vanilla /work/user/istevant/project/SupportingCRE/.snakemake/scripts/tmp4297r88p.RNA_clean_matrices.R
converting counts to integer mode
  Note: levels of factors in the design contain characters other than
  letters, numbers, '_' and '.'. It is recommended (but not required) to use
  only letters, numbers, and delimiters '_' or '.', as these are safe characters
  for column names in R. [This is a message, not a warning or an error]
  Note: levels of factors in the design contain characters other than
  letters, numbers, '_' and '.'. It is recommended (but not required) to use
  only letters, numbers, and delimiters '_' or '.', as these are safe characters
  for column names in R. [This is a message, not a warning or an error]
converting counts to integer mode
  Note: levels of factors in the design contain characters other than
  letters, numbers, '_' and '.'. It is recommended (but not required) to use
  only letters, numbers, and delimiters '_' or '.', as these are safe characters
  for column names in R. [This is a message, not a warning or an error]
  Note: levels of factors in the design contain characters other than
  letters, numbers, '_' and '.'. It is recommended (but not required) to use
  only letters, numbers, and delimiters '_' or '.', as these are safe characters
  for column names in R. [This is a message, not a warning or an error]
Warning messages:
1: replacing previous import ‘S4Arrays::makeNindexFromArrayViewport’ by ‘DelayedArray::makeNindexFromArrayViewport’ when loading ‘SummarizedExperiment’ 
2: In DESeqDataSet(se, design = design, ignoreRank) :
  some variables in design formula are characters, converting to factors
3: In DESeqDataSet(se, design = design, ignoreRank) :
  some variables in design formula are characters, converting to factors
converting counts to integer mode
  Note: levels of factors in the design contain characters other than
  letters, numbers, '_' and '.'. It is recommended (but not required) to use
  only letters, numbers, and delimiters '_' or '.', as these are safe characters
  for column names in R. [This is a message, not a warning or an error]
  Note: levels of factors in the design contain characters other than
  letters, numbers, '_' and '.'. It is recommended (but not required) to use
  only letters, numbers, and delimiters '_' or '.', as these are safe characters
  for column names in R. [This is a message, not a warning or an error]
Warning message:
In DESeqDataSet(se, design = design, ignoreRank) :
  some variables in design formula are characters, converting to factors
Not cleaning up /work/user/istevant/project/SupportingCRE/.snakemake/scripts/tmp4297r88p.RNA_clean_matrices.R
[Thu May 23 14:53:35 2024]
Finished job 0.
1 of 1 steps (100%) done
