Building DAG of jobs...
Using shell: /usr/bin/bash
Provided cores: 1 (use --cores to define parallelism)
Rules claiming more threads will be scaled down.
Provided resources: mem_mb=64000, mem_mib=61036, disk_mb=1000, disk_mib=954, cpus_per_task=12
Select jobs to execute...

[Thu May 23 14:55:23 2024]
rule ATAC_TFBS_motifs_sex_cond_bg_DAR:
    input: workflow/data/mouse_transcription_factors.txt, results/processed_data/mm10/ATAC_sig_SexDARs.Robj, results/processed_data/mm10/RNA_TPM.csv
    output: results/graphs/mm10/PDF/ATAC_sex_DAR_TF_motifs_sex_bg.pdf, results/graphs/mm10/PNG/ATAC_sex_DAR_TF_motifs_sex_bg.png
    jobid: 0
    reason: Forced execution
    resources: mem_mb=64000, mem_mib=61036, disk_mb=1000, disk_mib=954, tmpdir=/tmp, cpus_per_task=12

Rscript --vanilla /work/user/istevant/project/SupportingCRE/.snakemake/scripts/tmpl8__eu4t.ATAC_sex_DAR_motif_enrich.R
Warning message:
replacing previous import ‘S4Arrays::makeNindexFromArrayViewport’ by ‘DelayedArray::makeNindexFromArrayViewport’ when loading ‘SummarizedExperiment’ 
Warning message:
In mclapply(argsList, FUN, mc.preschedule = preschedule, mc.set.seed = set.seed,  :
  scheduled cores 1, 2, 3, 4 did not deliver results, all values of the jobs will be affected
Error in (function (classes, fdef, mtable)  : 
  unable to find an inherited method for function ‘assays’ for signature ‘"NULL"’
Calls: lapply ... hclust -> dist -> as.matrix -> assays -> <Anonymous>
Execution halted
Not cleaning up /work/user/istevant/project/SupportingCRE/.snakemake/scripts/tmpl8__eu4t.ATAC_sex_DAR_motif_enrich.R
[Thu May 23 14:56:13 2024]
Error in rule ATAC_TFBS_motifs_sex_cond_bg_DAR:
    jobid: 0
    input: workflow/data/mouse_transcription_factors.txt, results/processed_data/mm10/ATAC_sig_SexDARs.Robj, results/processed_data/mm10/RNA_TPM.csv
    output: results/graphs/mm10/PDF/ATAC_sex_DAR_TF_motifs_sex_bg.pdf, results/graphs/mm10/PNG/ATAC_sex_DAR_TF_motifs_sex_bg.png

RuleException:
CalledProcessError in file /work/user/istevant/project/SupportingCRE/Snakefile, line 480:
Command 'set -euo pipefail;  Rscript --vanilla /work/user/istevant/project/SupportingCRE/.snakemake/scripts/tmpl8__eu4t.ATAC_sex_DAR_motif_enrich.R' returned non-zero exit status 1.
  File "/work/user/istevant/project/SupportingCRE/Snakefile", line 480, in __rule_ATAC_TFBS_motifs_sex_cond_bg_DAR
  File "/work/user/istevant/project/SupportingCRE/.conda/envs/SupportingCRE/lib/python3.9/concurrent/futures/thread.py", line 58, in run
Shutting down, this might take some time.
Exiting because a job execution failed. Look above for error message
slurmstepd: error: Detected 4 oom_kill events in StepId=8050041.batch. Some of the step tasks have been OOM Killed.
