Building DAG of jobs...
Using shell: /usr/bin/bash
Provided cores: 1 (use --cores to define parallelism)
Rules claiming more threads will be scaled down.
Provided resources: mem_mb=64000, mem_mib=61036, disk_mb=1000, disk_mib=954, cpus_per_task=12
Select jobs to execute...

[Thu May 23 14:47:38 2024]
rule MULTI_Get_all_gene_peak_correlation:
    input: results/processed_data/mm10/RNA_samplesheet.csv, results/processed_data/mm10/ATAC_samplesheet.csv, results/processed_data/mm10/RNA_norm_counts.csv, results/processed_data/mm10/ATAC_norm_counts.csv, workflow/data/mm10/chrom.size, workflow/data/mm10/gene_standard.bed, workflow/data/mm10/gencode.vM25.annotation.gtf.gz
    output: results/tables/mm10/all_sig_gene2peak_linkage.csv
    jobid: 0
    reason: Forced execution
    resources: mem_mb=64000, mem_mib=61036, disk_mb=1000, disk_mib=954, tmpdir=/tmp, cpus_per_task=12

Rscript --vanilla /work/user/istevant/project/SupportingCRE/.snakemake/scripts/tmpr8ix7fsq.MULTI_gene2peak.R
Warning message:
replacing previous import ‘S4Arrays::makeNindexFromArrayViewport’ by ‘DelayedArray::makeNindexFromArrayViewport’ when loading ‘SummarizedExperiment’ 
/usr/bin/bash: line 1: 2649457 Killed                  Rscript --vanilla /work/user/istevant/project/SupportingCRE/.snakemake/scripts/tmpr8ix7fsq.MULTI_gene2peak.R
Not cleaning up /work/user/istevant/project/SupportingCRE/.snakemake/scripts/tmpr8ix7fsq.MULTI_gene2peak.R
[Thu May 23 14:48:16 2024]
Error in rule MULTI_Get_all_gene_peak_correlation:
    jobid: 0
    input: results/processed_data/mm10/RNA_samplesheet.csv, results/processed_data/mm10/ATAC_samplesheet.csv, results/processed_data/mm10/RNA_norm_counts.csv, results/processed_data/mm10/ATAC_norm_counts.csv, workflow/data/mm10/chrom.size, workflow/data/mm10/gene_standard.bed, workflow/data/mm10/gencode.vM25.annotation.gtf.gz
    output: results/tables/mm10/all_sig_gene2peak_linkage.csv

RuleException:
CalledProcessError in file /work/user/istevant/project/SupportingCRE/Snakefile, line 573:
Command 'set -euo pipefail;  Rscript --vanilla /work/user/istevant/project/SupportingCRE/.snakemake/scripts/tmpr8ix7fsq.MULTI_gene2peak.R' returned non-zero exit status 137.
  File "/work/user/istevant/project/SupportingCRE/Snakefile", line 573, in __rule_MULTI_Get_all_gene_peak_correlation
  File "/work/user/istevant/project/SupportingCRE/.conda/envs/SupportingCRE/lib/python3.9/concurrent/futures/thread.py", line 58, in run
Shutting down, this might take some time.
Exiting because a job execution failed. Look above for error message
slurmstepd: error: Detected 3 oom_kill events in StepId=8049590.batch. Some of the step tasks have been OOM Killed.
