Building DAG of jobs...
Using shell: /usr/bin/bash
Provided cores: 1 (use --cores to define parallelism)
Rules claiming more threads will be scaled down.
Provided resources: mem_mb=64000, mem_mib=61036, disk_mb=1000, disk_mib=954, cpus_per_task=12
Select jobs to execute...

[Thu May 23 14:53:10 2024]
rule ATAC_Plot_heatmap_dyn_DARs_XY:
    input: results/processed_data/mm10/ATAC_sig_stage_DARs_XY.Robj, results/processed_data/mm10/ATAC_norm_counts.csv, results/processed_data/mm10/ATAC_samplesheet.csv
    output: results/tables/mm10/ATAC_XY_DAR_stage_heatmap_clusters.csv, results/graphs/mm10/PDF/ATAC_XY_DAR_stage_heatmap.pdf, results/graphs/mm10/PNG/ATAC_XY_DAR_stage_heatmap.png
    jobid: 0
    reason: Forced execution
    resources: mem_mb=64000, mem_mib=61036, disk_mb=1000, disk_mib=954, tmpdir=/tmp, cpus_per_task=12

Rscript --vanilla /work/user/istevant/project/SupportingCRE/.snakemake/scripts/tmpprvhfyi3.ATAC_stage_DAR_heatmap.R
/usr/bin/bash: line 1: 3941579 Killed                  Rscript --vanilla /work/user/istevant/project/SupportingCRE/.snakemake/scripts/tmpprvhfyi3.ATAC_stage_DAR_heatmap.R
Not cleaning up /work/user/istevant/project/SupportingCRE/.snakemake/scripts/tmpprvhfyi3.ATAC_stage_DAR_heatmap.R
[Thu May 23 14:53:35 2024]
Error in rule ATAC_Plot_heatmap_dyn_DARs_XY:
    jobid: 0
    input: results/processed_data/mm10/ATAC_sig_stage_DARs_XY.Robj, results/processed_data/mm10/ATAC_norm_counts.csv, results/processed_data/mm10/ATAC_samplesheet.csv
    output: results/tables/mm10/ATAC_XY_DAR_stage_heatmap_clusters.csv, results/graphs/mm10/PDF/ATAC_XY_DAR_stage_heatmap.pdf, results/graphs/mm10/PNG/ATAC_XY_DAR_stage_heatmap.png

RuleException:
CalledProcessError in file /work/user/istevant/project/SupportingCRE/Snakefile, line 550:
Command 'set -euo pipefail;  Rscript --vanilla /work/user/istevant/project/SupportingCRE/.snakemake/scripts/tmpprvhfyi3.ATAC_stage_DAR_heatmap.R' returned non-zero exit status 137.
  File "/work/user/istevant/project/SupportingCRE/Snakefile", line 550, in __rule_ATAC_Plot_heatmap_dyn_DARs_XY
  File "/work/user/istevant/project/SupportingCRE/.conda/envs/SupportingCRE/lib/python3.9/concurrent/futures/thread.py", line 58, in run
Shutting down, this might take some time.
Exiting because a job execution failed. Look above for error message
slurmstepd: error: Detected 1 oom_kill event in StepId=8049887.batch. Some of the step tasks have been OOM Killed.
