Migrating .snakemake folder to new format...
Migration complete
Building DAG of jobs...
Using shell: /usr/bin/bash
Provided cores: 1 (use --cores to define parallelism)
Rules claiming more threads will be scaled down.
Job stats:
job                 count
----------------  -------
RNA_corr_PCA            1
RNA_corr_PCA_all        1
all                     1
get_RNA_matrices        1
total                   4

Select jobs to execute...

[Tue Apr 16 19:42:47 2024]
rule get_RNA_matrices:
    input: data/XX_Enh8-mCherry_XY_SOX9-IRES-GFP_read_count.csv, data/XX_Enh8-mCherry_XY_SOX9-IRES-GFP_TPM.csv
    output: processed_data/RNA_TMP_all_samples.csv, processed_data/RNA_TMP.csv, processed_data/RNA_raw_counts.csv, processed_data/RNA_samplesheet.csv
    jobid: 2
    reason: Code has changed since last execution
    resources: tmpdir=/tmp

[Tue Apr 16 19:42:48 2024]
Finished job 2.
1 of 4 steps (25%) done
Select jobs to execute...

[Tue Apr 16 19:42:48 2024]
rule RNA_corr_PCA:
    input: processed_data/RNA_TMP.csv
    output: graphs/RNA_corr_pca.pdf, graphs/RNA_corr_pca.png
    jobid: 3
    reason: Input files updated by another job: processed_data/RNA_TMP.csv
    resources: tmpdir=/tmp

[Tue Apr 16 19:42:49 2024]
Error in rule RNA_corr_PCA:
    jobid: 3
    input: processed_data/RNA_TMP.csv
    output: graphs/RNA_corr_pca.pdf, graphs/RNA_corr_pca.png

RuleException:
CalledProcessError in file /media/zazooo/9C33-6BBD1/Nextcloud/Isabelle/Travail/Postdoc/Bar-Ilan-Postdoc/Projects/SupportingCRE/Snakefile, line 45:
Command 'set -euo pipefail;  Rscript --vanilla /media/zazooo/9C33-6BBD1/Nextcloud/Isabelle/Travail/Postdoc/Bar-Ilan-Postdoc/Projects/SupportingCRE/.snakemake/scripts/tmp6kaywtz0.02.RNA_corr_pca.R' returned non-zero exit status 1.
  File "/media/zazooo/9C33-6BBD1/Nextcloud/Isabelle/Travail/Postdoc/Bar-Ilan-Postdoc/Projects/SupportingCRE/Snakefile", line 45, in __rule_RNA_corr_PCA
  File "/usr/lib/python3.11/concurrent/futures/thread.py", line 58, in run
Shutting down, this might take some time.
Exiting because a job execution failed. Look above for error message
Complete log: .snakemake/log/2024-04-16T194247.096092.snakemake.log
