Building DAG of jobs...
Using shell: /usr/bin/bash
Provided cores: 2
Rules claiming more threads will be scaled down.
Job stats:
job             count
------------  -------
uppdate_renv        1
total               1

Select jobs to execute...
Execute 1 jobs...

[Tue Apr 16 18:25:53 2024]
localrule uppdate_renv:
    jobid: 0
    reason: Rules with neither input nor output files are always executed.
    resources: tmpdir=/tmp

[Tue Apr 16 18:25:58 2024]
Finished job 0.
1 of 1 steps (100%) done
Complete log: .snakemake/log/2024-04-16T182553.351783.snakemake.log
