Building DAG of jobs...
Using shell: /usr/bin/bash
Provided cores: 2
Rules claiming more threads will be scaled down.
Job stats:
job                 count
----------------  -------
get_RNA_matrices        1
total                   1

Select jobs to execute...
Execute 1 jobs...

[Tue Apr 16 18:17:37 2024]
localrule get_RNA_matrices:
    input: data/XX_Enh8-mCherry_XY_SOX9-IRES-GFP_read_count.csv, data/XX_Enh8-mCherry_XY_SOX9-IRES-GFP_TPM.csv
    output: processed_data/RNA_TMP_all_samples.csv, processed_data/RNA_TMP.csv, processed_data/RNA_raw_counts.csv, processed_data/RNA_samplesheet.csv
    jobid: 0
    reason: Missing output files: processed_data/RNA_raw_counts.csv, processed_data/RNA_TMP_all_samples.csv, processed_data/RNA_TMP.csv, processed_data/RNA_samplesheet.csv
    resources: tmpdir=/tmp

[Tue Apr 16 18:17:40 2024]
Finished job 0.
1 of 1 steps (100%) done
Complete log: .snakemake/log/2024-04-16T181737.720783.snakemake.log
