Building DAG of jobs...
Using shell: /usr/bin/bash
Provided cores: 1 (use --cores to define parallelism)
Rules claiming more threads will be scaled down.
Job stats:
job                 count
----------------  -------
RNA_corr_PCA_all        1
all                     1
total                   2

Select jobs to execute...
Execute 1 jobs...

[Tue Apr 16 19:34:27 2024]
localrule RNA_corr_PCA_all:
    input: processed_data/RNA_TMP_all_samples.csv
    output: graphs/RNA_corr_pca_all_samples.pdf, graphs/RNA_corr_pca_all_samples.png
    jobid: 1
    reason: Missing output files: graphs/RNA_corr_pca_all_samples.png
    resources: tmpdir=/tmp

[Tue Apr 16 19:34:38 2024]
Finished job 1.
1 of 2 steps (50%) done
Select jobs to execute...
Execute 1 jobs...

[Tue Apr 16 19:34:38 2024]
localrule all:
    input: graphs/RNA_corr_pca_all_samples.png
    jobid: 0
    reason: Input files updated by another job: graphs/RNA_corr_pca_all_samples.png
    resources: tmpdir=/tmp

[Tue Apr 16 19:34:38 2024]
Finished job 0.
2 of 2 steps (100%) done
Complete log: .snakemake/log/2024-04-16T193427.700511.snakemake.log
