Building DAG of jobs...
Using shell: /usr/bin/bash
Provided cores: 1 (use --cores to define parallelism)
Rules claiming more threads will be scaled down.
Job stats:
job             count
------------  -------
RNA_corr_PCA        1
all                 1
total               2

Select jobs to execute...
Execute 1 jobs...

[Tue Apr 16 19:36:01 2024]
localrule RNA_corr_PCA:
    input: processed_data/RNA_TMP.csv
    output: graphs/RNA_corr_pca.pdf, graphs/RNA_corr_pca.png
    jobid: 3
    reason: Missing output files: graphs/RNA_corr_pca.png
    resources: tmpdir=/tmp

[Tue Apr 16 19:36:07 2024]
Finished job 3.
1 of 2 steps (50%) done
Select jobs to execute...
Execute 1 jobs...

[Tue Apr 16 19:36:07 2024]
localrule all:
    input: graphs/RNA_corr_pca_all_samples.png, graphs/RNA_corr_pca.png
    jobid: 0
    reason: Input files updated by another job: graphs/RNA_corr_pca.png
    resources: tmpdir=/tmp

[Tue Apr 16 19:36:07 2024]
Finished job 0.
2 of 2 steps (100%) done
Complete log: .snakemake/log/2024-04-16T193600.775288.snakemake.log
