Building DAG of jobs...
Using shell: /usr/bin/bash
Provided cores: 1 (use --cores to define parallelism)
Rules claiming more threads will be scaled down.
Job stats:
job                 count
----------------  -------
RNA_corr_PCA_all        1
all                     1
total                   2

Select jobs to execute...
Execute 1 jobs...

[Tue Apr 16 19:09:05 2024]
localrule RNA_corr_PCA_all:
    input: processed_data/RNA_TMP_all_samples.csv, processed_data/RNA_samplesheet.csv
    output: graphs/RNA_corr_pca_all_samples.pdf, graphs/RNA_corr_pca_all_samples.png
    jobid: 1
    reason: Missing output files: graphs/RNA_corr_pca_all_samples.png
    resources: tmpdir=/tmp

RuleException:
CalledProcessError in file /work/user/istevant/project/SupportingCRE/Snakefile, line 33:
Command 'set -euo pipefail;  Rscript --vanilla /work/user/istevant/project/SupportingCRE/.snakemake/scripts/tmptprb8bp0.02.RNA_corr_pca.R' returned non-zero exit status 1.
[Tue Apr 16 19:09:08 2024]
Error in rule RNA_corr_PCA_all:
    jobid: 1
    input: processed_data/RNA_TMP_all_samples.csv, processed_data/RNA_samplesheet.csv
    output: graphs/RNA_corr_pca_all_samples.pdf, graphs/RNA_corr_pca_all_samples.png

Shutting down, this might take some time.
Exiting because a job execution failed. Look above for error message
Complete log: .snakemake/log/2024-04-16T190905.960994.snakemake.log
WorkflowError:
At least one job did not complete successfully.
