Building DAG of jobs...
Using shell: /usr/bin/bash
Provided cores: 1 (use --cores to define parallelism)
Rules claiming more threads will be scaled down.
Provided resources: mem_mb=64000, mem_mib=61036, disk_mb=1000, disk_mib=954, cpus_per_task=12
Select jobs to execute...

[Thu May 23 14:49:59 2024]
rule ATAC_Plot_heatmap_dyn_DARs_XX:
    input: results/processed_data/mm10/ATAC_sig_stage_DARs_XX.Robj, results/processed_data/mm10/ATAC_norm_counts.csv, results/processed_data/mm10/ATAC_samplesheet.csv
    output: results/tables/mm10/ATAC_XX_DAR_stage_heatmap_clusters.csv, results/graphs/mm10/PDF/ATAC_XX_DAR_stage_heatmap.pdf, results/graphs/mm10/PNG/ATAC_XX_DAR_stage_heatmap.png
    jobid: 0
    reason: Forced execution
    resources: mem_mb=64000, mem_mib=61036, disk_mb=1000, disk_mib=954, tmpdir=/tmp, cpus_per_task=12

Rscript --vanilla /work/user/istevant/project/SupportingCRE/.snakemake/scripts/tmpmoji6u53.ATAC_stage_DAR_heatmap.R
`use_raster` is automatically set to TRUE for a matrix with more than
2000 rows. You can control `use_raster` argument by explicitly setting
TRUE/FALSE to it.

Set `ht_opt$message = FALSE` to turn off this message.
'magick' package is suggested to install to give better rasterization.

Set `ht_opt$message = FALSE` to turn off this message.
Not cleaning up /work/user/istevant/project/SupportingCRE/.snakemake/scripts/tmpmoji6u53.ATAC_stage_DAR_heatmap.R
[Thu May 23 14:50:36 2024]
Finished job 0.
1 of 1 steps (100%) done
