Building DAG of jobs...
Using shell: /usr/bin/bash
Provided cores: 1 (use --cores to define parallelism)
Rules claiming more threads will be scaled down.
Provided resources: mem_mb=64000, mem_mib=61036, disk_mb=1000, disk_mib=954, cpus_per_task=12
Select jobs to execute...

[Thu May 23 14:53:01 2024]
rule ATAC_Plot_sex_DAR_peak_annotation:
    input: workflow/data/mm10/gencode.vM25.annotation.gtf.gz, results/processed_data/mm10/ATAC_sig_SexDARs_GR.Robj
    output: results/processed_data/mm10/ATAC_sig_SexDARs_annotation.Robj, results/graphs/mm10/PDF/ATAC_sig_sex_DARs_annotation.pdf, results/graphs/mm10/PNG/ATAC_sig_sex_DARs_annotation.png
    jobid: 0
    reason: Forced execution
    resources: mem_mb=64000, mem_mib=61036, disk_mb=1000, disk_mib=954, tmpdir=/tmp, cpus_per_task=12

Rscript --vanilla /work/user/istevant/project/SupportingCRE/.snakemake/scripts/tmpzz7li79o.ATAC_peak_annotation_per_sex.R
Warning message:
replacing previous import ‘S4Arrays::makeNindexFromArrayViewport’ by ‘DelayedArray::makeNindexFromArrayViewport’ when loading ‘SummarizedExperiment’ 
/usr/bin/bash: line 1: 331666 Killed                  Rscript --vanilla /work/user/istevant/project/SupportingCRE/.snakemake/scripts/tmpzz7li79o.ATAC_peak_annotation_per_sex.R
Not cleaning up /work/user/istevant/project/SupportingCRE/.snakemake/scripts/tmpzz7li79o.ATAC_peak_annotation_per_sex.R
[Thu May 23 14:53:52 2024]
Error in rule ATAC_Plot_sex_DAR_peak_annotation:
    jobid: 0
    input: workflow/data/mm10/gencode.vM25.annotation.gtf.gz, results/processed_data/mm10/ATAC_sig_SexDARs_GR.Robj
    output: results/processed_data/mm10/ATAC_sig_SexDARs_annotation.Robj, results/graphs/mm10/PDF/ATAC_sig_sex_DARs_annotation.pdf, results/graphs/mm10/PNG/ATAC_sig_sex_DARs_annotation.png

RuleException:
CalledProcessError in file /work/user/istevant/project/SupportingCRE/Snakefile, line 426:
Command 'set -euo pipefail;  Rscript --vanilla /work/user/istevant/project/SupportingCRE/.snakemake/scripts/tmpzz7li79o.ATAC_peak_annotation_per_sex.R' returned non-zero exit status 137.
  File "/work/user/istevant/project/SupportingCRE/Snakefile", line 426, in __rule_ATAC_Plot_sex_DAR_peak_annotation
  File "/work/user/istevant/project/SupportingCRE/.conda/envs/SupportingCRE/lib/python3.9/concurrent/futures/thread.py", line 58, in run
Shutting down, this might take some time.
Exiting because a job execution failed. Look above for error message
slurmstepd: error: Detected 1 oom_kill event in StepId=8049884.batch. Some of the step tasks have been OOM Killed.
