Building DAG of jobs...
Using shell: /usr/bin/bash
Provided cores: 1 (use --cores to define parallelism)
Rules claiming more threads will be scaled down.
Provided resources: mem_mb=16000, mem_mib=15259, disk_mb=1000, disk_mib=954, cpus_per_task=4
Select jobs to execute...

[Thu May 23 14:47:38 2024]
rule ATAC_Plot_nb_consensus_peak:
    input: workflow/data/mm10/ATAC_all_consensus_peaks_2rep_list.Robj, results/processed_data/mm10/ATAC_samplesheet.csv, results/processed_data/mm10/ATAC_norm_counts.csv
    output: results/graphs/mm10/PDF/ATAC_consensus_peak_distribution.pdf, results/graphs/mm10/PNG/ATAC_consensus_peak_distribution.png
    jobid: 0
    reason: Forced execution
    resources: mem_mb=16000, mem_mib=15259, disk_mb=1000, disk_mib=954, tmpdir=/tmp, cpus_per_task=4

Rscript --vanilla /work/user/istevant/project/SupportingCRE/.snakemake/scripts/tmp883yiev5.ATAC_peak_distribution_per_sex.R
Loading required package: GenomicRanges
Loading required package: stats4
Loading required package: BiocGenerics

Attaching package: ‘BiocGenerics’

The following objects are masked from ‘package:stats’:

    IQR, mad, sd, var, xtabs

The following objects are masked from ‘package:base’:

    anyDuplicated, aperm, append, as.data.frame, basename, cbind,
    colnames, dirname, do.call, duplicated, eval, evalq, Filter, Find,
    get, grep, grepl, intersect, is.unsorted, lapply, Map, mapply,
    match, mget, order, paste, pmax, pmax.int, pmin, pmin.int,
    Position, rank, rbind, Reduce, rownames, sapply, setdiff, sort,
    table, tapply, union, unique, unsplit, which.max, which.min

Loading required package: S4Vectors

Attaching package: ‘S4Vectors’

The following object is masked from ‘package:utils’:

    findMatches

The following objects are masked from ‘package:base’:

    expand.grid, I, unname

Loading required package: IRanges
Loading required package: GenomeInfoDb
Not cleaning up /work/user/istevant/project/SupportingCRE/.snakemake/scripts/tmp883yiev5.ATAC_peak_distribution_per_sex.R
[Thu May 23 14:47:49 2024]
Finished job 0.
1 of 1 steps (100%) done
